<?xml version="1.0" encoding="UTF-8"?>
<!-- Generated by org.testng.reporters.JUnitXMLReporter -->
<testsuite hostname="TYSS-4F-009" name="Default test" tests="1" failures="0" timestamp="27 Nov 2017 13:57:19 GMT" time="46.563" errors="0">
  <testcase name="@BeforeMethod preCondition" time="0.0" classname="scripts.TestScipts">
    <failure type="org.openqa.selenium.WebDriverException" message="Failed to connect to binary FirefoxBinary(C:\Program Files (x86)\Mozilla Firefox\firefox.exe) on port 7055; process output follows: 
Save.extensions.json	DEBUG	Starting write
1511790996435	DeferredSave.extensions.json	DEBUG	Write succeeded
1511790996443	DeferredSave.addons.json	DEBUG	Starting write
1511790996459	DeferredSave.addons.json	DEBUG	Write succeeded
1511790998208	addons.manager	DEBUG	Starting provider: &amp;lt;unnamed-provider&amp;gt;
1511790998208	addons.manager	DEBUG	Registering shutdown blocker for &amp;lt;unnamed-provider&amp;gt;
1511790998208	addons.manager	DEBUG	Provider finished startup: &amp;lt;unnamed-provider&amp;gt;
1511790998211	addons.xpi	INFO	Mapping fxdriver@googlecode.com to C:\Users\Pratibha\AppData\Local\Temp\anonymous1134847319683277074webdriver-profile\extensions\fxdriver@googlecode.com
1511790998211	addons.xpi	DEBUG	Ignoring file entry whose name is not a valid add-on ID: C:\Users\Pratibha\AppData\Local\Temp\anonymous1134847319683277074webdriver-profile\extensions\webdriver-staging
1511790998212	addons.xpi	DEBUG	Existing add-on fxdriver@googlecode.com in app-profile
1511790998212	addons.xpi	INFO	Mapping aushelper@mozilla.org to C:\Program Files (x86)\Mozilla Firefox\browser\features\aushelper@mozilla.org.xpi
1511790998213	addons.xpi	INFO	Mapping clicktoplay-rollout@mozilla.org to C:\Program Files (x86)\Mozilla Firefox\browser\features\clicktoplay-rollout@mozilla.org.xpi
1511790998213	addons.xpi	INFO	Mapping e10srollout@mozilla.org to C:\Program Files (x86)\Mozilla Firefox\browser\features\e10srollout@mozilla.org.xpi
1511790998213	addons.xpi	INFO	Mapping firefox@getpocket.com to C:\Program Files (x86)\Mozilla Firefox\browser\features\firefox@getpocket.com.xpi
1511790998213	addons.xpi	INFO	Mapping followonsearch@mozilla.com to C:\Program Files (x86)\Mozilla Firefox\browser\features\followonsearch@mozilla.com.xpi
1511790998213	addons.xpi	INFO	Mapping screenshots@mozilla.org to C:\Program Files (x86)\Mozilla Firefox\browser\features\screenshots@mozilla.org.xpi
1511790998213	addons.xpi	INFO	Mapping shield-recipe-client@mozilla.org to C:\Program Files (x86)\Mozilla Firefox\browser\features\shield-recipe-client@mozilla.org.xpi
1511790998213	addons.xpi	INFO	Mapping webcompat@mozilla.org to C:\Program Files (x86)\Mozilla Firefox\browser\features\webcompat@mozilla.org.xpi
1511790998214	addons.xpi	DEBUG	Existing add-on aushelper@mozilla.org in app-system-defaults
1511790998214	addons.xpi	DEBUG	Existing add-on clicktoplay-rollout@mozilla.org in app-system-defaults
1511790998214	addons.xpi	DEBUG	Existing add-on e10srollout@mozilla.org in app-system-defaults
1511790998215	addons.xpi	DEBUG	Existing add-on firefox@getpocket.com in app-system-defaults
1511790998217	addons.xpi	DEBUG	Existing add-on followonsearch@mozilla.com in app-system-defaults
1511790998217	addons.xpi	DEBUG	Existing add-on screenshots@mozilla.org in app-system-defaults
1511790998218	addons.xpi	DEBUG	Existing add-on shield-recipe-client@mozilla.org in app-system-defaults
1511790998218	addons.xpi	DEBUG	Existing add-on webcompat@mozilla.org in app-system-defaults
1511790998219	addons.xpi	INFO	Mapping {972ce4c6-7e08-4474-a285-3208198ce6fd} to C:\Program Files (x86)\Mozilla Firefox\browser\extensions\{972ce4c6-7e08-4474-a285-3208198ce6fd}.xpi
1511790998219	addons.xpi	DEBUG	Existing add-on {972ce4c6-7e08-4474-a285-3208198ce6fd} in app-global
1511790998220	addons.xpi	DEBUG	Existing add-on {cb40da56-497a-4add-955d-3377cae4c33b} in winreg-app-global
1511790998220	addons.xpi	DEBUG	getInstallState changed: false, state: {}
1511790998324	addons.productaddons	INFO	sending request to: https://aus5.mozilla.org/update/3/GMP/55.0.3/20170824053622/WINNT_x86-msvc-x64/en-US/release/Windows_NT%2010.0.0.0%20(x64)/default/default/update.xml
1511790999835	addons.productaddons	INFO	Completed downloading document
1511791000502	addons.productaddons	INFO	downloadXHR File download. status=200
1511791000504	addons.productaddons	INFO	Downloaded file will be saved to C:\Users\Pratibha\AppData\Local\Temp\tmpaddon
1511791003866	addons.productaddons	INFO	downloadXHR File download. status=200
1511791003868	addons.productaddons	INFO	Downloaded file will be saved to C:\Users\Pratibha\AppData\Local\Temp\tmpaddon

Build info: version: &amp;apos;2.53.1&amp;apos;, revision: &amp;apos;a36b8b1&amp;apos;, time: &amp;apos;2016-06-30 17:37:03&amp;apos;
System info: host: &amp;apos;TYSS-4F-009&amp;apos;, ip: &amp;apos;10.10.14.12&amp;apos;, os.name: &amp;apos;Windows 10&amp;apos;, os.arch: &amp;apos;amd64&amp;apos;, os.version: &amp;apos;10.0&amp;apos;, java.version: &amp;apos;1.8.0_121&amp;apos;
Driver info: driver.version: FirefoxDriver">
      <![CDATA[org.openqa.selenium.WebDriverException: Failed to connect to binary FirefoxBinary(C:\Program Files (x86)\Mozilla Firefox\firefox.exe) on port 7055; process output follows: 
Save.extensions.json	DEBUG	Starting write
1511790996435	DeferredSave.extensions.json	DEBUG	Write succeeded
1511790996443	DeferredSave.addons.json	DEBUG	Starting write
1511790996459	DeferredSave.addons.json	DEBUG	Write succeeded
1511790998208	addons.manager	DEBUG	Starting provider: <unnamed-provider>
1511790998208	addons.manager	DEBUG	Registering shutdown blocker for <unnamed-provider>
1511790998208	addons.manager	DEBUG	Provider finished startup: <unnamed-provider>
1511790998211	addons.xpi	INFO	Mapping fxdriver@googlecode.com to C:\Users\Pratibha\AppData\Local\Temp\anonymous1134847319683277074webdriver-profile\extensions\fxdriver@googlecode.com
1511790998211	addons.xpi	DEBUG	Ignoring file entry whose name is not a valid add-on ID: C:\Users\Pratibha\AppData\Local\Temp\anonymous1134847319683277074webdriver-profile\extensions\webdriver-staging
1511790998212	addons.xpi	DEBUG	Existing add-on fxdriver@googlecode.com in app-profile
1511790998212	addons.xpi	INFO	Mapping aushelper@mozilla.org to C:\Program Files (x86)\Mozilla Firefox\browser\features\aushelper@mozilla.org.xpi
1511790998213	addons.xpi	INFO	Mapping clicktoplay-rollout@mozilla.org to C:\Program Files (x86)\Mozilla Firefox\browser\features\clicktoplay-rollout@mozilla.org.xpi
1511790998213	addons.xpi	INFO	Mapping e10srollout@mozilla.org to C:\Program Files (x86)\Mozilla Firefox\browser\features\e10srollout@mozilla.org.xpi
1511790998213	addons.xpi	INFO	Mapping firefox@getpocket.com to C:\Program Files (x86)\Mozilla Firefox\browser\features\firefox@getpocket.com.xpi
1511790998213	addons.xpi	INFO	Mapping followonsearch@mozilla.com to C:\Program Files (x86)\Mozilla Firefox\browser\features\followonsearch@mozilla.com.xpi
1511790998213	addons.xpi	INFO	Mapping screenshots@mozilla.org to C:\Program Files (x86)\Mozilla Firefox\browser\features\screenshots@mozilla.org.xpi
1511790998213	addons.xpi	INFO	Mapping shield-recipe-client@mozilla.org to C:\Program Files (x86)\Mozilla Firefox\browser\features\shield-recipe-client@mozilla.org.xpi
1511790998213	addons.xpi	INFO	Mapping webcompat@mozilla.org to C:\Program Files (x86)\Mozilla Firefox\browser\features\webcompat@mozilla.org.xpi
1511790998214	addons.xpi	DEBUG	Existing add-on aushelper@mozilla.org in app-system-defaults
1511790998214	addons.xpi	DEBUG	Existing add-on clicktoplay-rollout@mozilla.org in app-system-defaults
1511790998214	addons.xpi	DEBUG	Existing add-on e10srollout@mozilla.org in app-system-defaults
1511790998215	addons.xpi	DEBUG	Existing add-on firefox@getpocket.com in app-system-defaults
1511790998217	addons.xpi	DEBUG	Existing add-on followonsearch@mozilla.com in app-system-defaults
1511790998217	addons.xpi	DEBUG	Existing add-on screenshots@mozilla.org in app-system-defaults
1511790998218	addons.xpi	DEBUG	Existing add-on shield-recipe-client@mozilla.org in app-system-defaults
1511790998218	addons.xpi	DEBUG	Existing add-on webcompat@mozilla.org in app-system-defaults
1511790998219	addons.xpi	INFO	Mapping {972ce4c6-7e08-4474-a285-3208198ce6fd} to C:\Program Files (x86)\Mozilla Firefox\browser\extensions\{972ce4c6-7e08-4474-a285-3208198ce6fd}.xpi
1511790998219	addons.xpi	DEBUG	Existing add-on {972ce4c6-7e08-4474-a285-3208198ce6fd} in app-global
1511790998220	addons.xpi	DEBUG	Existing add-on {cb40da56-497a-4add-955d-3377cae4c33b} in winreg-app-global
1511790998220	addons.xpi	DEBUG	getInstallState changed: false, state: {}
1511790998324	addons.productaddons	INFO	sending request to: https://aus5.mozilla.org/update/3/GMP/55.0.3/20170824053622/WINNT_x86-msvc-x64/en-US/release/Windows_NT%2010.0.0.0%20(x64)/default/default/update.xml
1511790999835	addons.productaddons	INFO	Completed downloading document
1511791000502	addons.productaddons	INFO	downloadXHR File download. status=200
1511791000504	addons.productaddons	INFO	Downloaded file will be saved to C:\Users\Pratibha\AppData\Local\Temp\tmpaddon
1511791003866	addons.productaddons	INFO	downloadXHR File download. status=200
1511791003868	addons.productaddons	INFO	Downloaded file will be saved to C:\Users\Pratibha\AppData\Local\Temp\tmpaddon

Build info: version: '2.53.1', revision: 'a36b8b1', time: '2016-06-30 17:37:03'
System info: host: 'TYSS-4F-009', ip: '10.10.14.12', os.name: 'Windows 10', os.arch: 'amd64', os.version: '10.0', java.version: '1.8.0_121'
Driver info: driver.version: FirefoxDriver
	at org.openqa.selenium.firefox.internal.NewProfileExtensionConnection.start(NewProfileExtensionConnection.java:124)
	at org.openqa.selenium.firefox.FirefoxDriver.startClient(FirefoxDriver.java:271)
	at org.openqa.selenium.remote.RemoteWebDriver.<init>(RemoteWebDriver.java:119)
	at org.openqa.selenium.firefox.FirefoxDriver.<init>(FirefoxDriver.java:218)
	at org.openqa.selenium.firefox.FirefoxDriver.<init>(FirefoxDriver.java:211)
	at org.openqa.selenium.firefox.FirefoxDriver.<init>(FirefoxDriver.java:207)
	at org.openqa.selenium.firefox.FirefoxDriver.<init>(FirefoxDriver.java:120)
	at generics.BaseTest.preCondition(BaseTest.java:15)
	at sun.reflect.NativeMethodAccessorImpl.invoke0(Native Method)
	at sun.reflect.NativeMethodAccessorImpl.invoke(Unknown Source)
	at sun.reflect.DelegatingMethodAccessorImpl.invoke(Unknown Source)
	at java.lang.reflect.Method.invoke(Unknown Source)
	at org.testng.internal.MethodInvocationHelper.invokeMethod(MethodInvocationHelper.java:85)
	at org.testng.internal.Invoker.invokeConfigurationMethod(Invoker.java:510)
	at org.testng.internal.Invoker.invokeConfigurations(Invoker.java:211)
	at org.testng.internal.Invoker.invokeMethod(Invoker.java:585)
	at org.testng.internal.Invoker.invokeTestMethod(Invoker.java:816)
	at org.testng.internal.Invoker.invokeTestMethods(Invoker.java:1124)
	at org.testng.internal.TestMethodWorker.invokeTestMethods(TestMethodWorker.java:125)
	at org.testng.internal.TestMethodWorker.run(TestMethodWorker.java:108)
	at org.testng.TestRunner.privateRun(TestRunner.java:774)
	at org.testng.TestRunner.run(TestRunner.java:624)
	at org.testng.SuiteRunner.runTest(SuiteRunner.java:359)
	at org.testng.SuiteRunner.runSequentially(SuiteRunner.java:354)
	at org.testng.SuiteRunner.privateRun(SuiteRunner.java:312)
	at org.testng.SuiteRunner.run(SuiteRunner.java:261)
	at org.testng.SuiteRunnerWorker.runSuite(SuiteRunnerWorker.java:52)
	at org.testng.SuiteRunnerWorker.run(SuiteRunnerWorker.java:86)
	at org.testng.TestNG.runSuitesSequentially(TestNG.java:1215)
	at org.testng.TestNG.runSuitesLocally(TestNG.java:1140)
	at org.testng.TestNG.run(TestNG.java:1048)
	at org.testng.remote.AbstractRemoteTestNG.run(AbstractRemoteTestNG.java:132)
	at org.testng.remote.RemoteTestNG.initAndRun(RemoteTestNG.java:230)
	at org.testng.remote.RemoteTestNG.main(RemoteTestNG.java:76)
Caused by: org.openqa.selenium.firefox.NotConnectedException: Unable to connect to host 127.0.0.1 on port 7055 after 45000 ms. Firefox console output:
Save.extensions.json	DEBUG	Starting write
1511790996435	DeferredSave.extensions.json	DEBUG	Write succeeded
1511790996443	DeferredSave.addons.json	DEBUG	Starting write
1511790996459	DeferredSave.addons.json	DEBUG	Write succeeded
1511790998208	addons.manager	DEBUG	Starting provider: <unnamed-provider>
1511790998208	addons.manager	DEBUG	Registering shutdown blocker for <unnamed-provider>
1511790998208	addons.manager	DEBUG	Provider finished startup: <unnamed-provider>
1511790998211	addons.xpi	INFO	Mapping fxdriver@googlecode.com to C:\Users\Pratibha\AppData\Local\Temp\anonymous1134847319683277074webdriver-profile\extensions\fxdriver@googlecode.com
1511790998211	addons.xpi	DEBUG	Ignoring file entry whose name is not a valid add-on ID: C:\Users\Pratibha\AppData\Local\Temp\anonymous1134847319683277074webdriver-profile\extensions\webdriver-staging
1511790998212	addons.xpi	DEBUG	Existing add-on fxdriver@googlecode.com in app-profile
1511790998212	addons.xpi	INFO	Mapping aushelper@mozilla.org to C:\Program Files (x86)\Mozilla Firefox\browser\features\aushelper@mozilla.org.xpi
1511790998213	addons.xpi	INFO	Mapping clicktoplay-rollout@mozilla.org to C:\Program Files (x86)\Mozilla Firefox\browser\features\clicktoplay-rollout@mozilla.org.xpi
1511790998213	addons.xpi	INFO	Mapping e10srollout@mozilla.org to C:\Program Files (x86)\Mozilla Firefox\browser\features\e10srollout@mozilla.org.xpi
1511790998213	addons.xpi	INFO	Mapping firefox@getpocket.com to C:\Program Files (x86)\Mozilla Firefox\browser\features\firefox@getpocket.com.xpi
1511790998213	addons.xpi	INFO	Mapping followonsearch@mozilla.com to C:\Program Files (x86)\Mozilla Firefox\browser\features\followonsearch@mozilla.com.xpi
1511790998213	addons.xpi	INFO	Mapping screenshots@mozilla.org to C:\Program Files (x86)\Mozilla Firefox\browser\features\screenshots@mozilla.org.xpi
1511790998213	addons.xpi	INFO	Mapping shield-recipe-client@mozilla.org to C:\Program Files (x86)\Mozilla Firefox\browser\features\shield-recipe-client@mozilla.org.xpi
1511790998213	addons.xpi	INFO	Mapping webcompat@mozilla.org to C:\Program Files (x86)\Mozilla Firefox\browser\features\webcompat@mozilla.org.xpi
1511790998214	addons.xpi	DEBUG	Existing add-on aushelper@mozilla.org in app-system-defaults
1511790998214	addons.xpi	DEBUG	Existing add-on clicktoplay-rollout@mozilla.org in app-system-defaults
1511790998214	addons.xpi	DEBUG	Existing add-on e10srollout@mozilla.org in app-system-defaults
1511790998215	addons.xpi	DEBUG	Existing add-on firefox@getpocket.com in app-system-defaults
1511790998217	addons.xpi	DEBUG	Existing add-on followonsearch@mozilla.com in app-system-defaults
1511790998217	addons.xpi	DEBUG	Existing add-on screenshots@mozilla.org in app-system-defaults
1511790998218	addons.xpi	DEBUG	Existing add-on shield-recipe-client@mozilla.org in app-system-defaults
1511790998218	addons.xpi	DEBUG	Existing add-on webcompat@mozilla.org in app-system-defaults
1511790998219	addons.xpi	INFO	Mapping {972ce4c6-7e08-4474-a285-3208198ce6fd} to C:\Program Files (x86)\Mozilla Firefox\browser\extensions\{972ce4c6-7e08-4474-a285-3208198ce6fd}.xpi
1511790998219	addons.xpi	DEBUG	Existing add-on {972ce4c6-7e08-4474-a285-3208198ce6fd} in app-global
1511790998220	addons.xpi	DEBUG	Existing add-on {cb40da56-497a-4add-955d-3377cae4c33b} in winreg-app-global
1511790998220	addons.xpi	DEBUG	getInstallState changed: false, state: {}
1511790998324	addons.productaddons	INFO	sending request to: https://aus5.mozilla.org/update/3/GMP/55.0.3/20170824053622/WINNT_x86-msvc-x64/en-US/release/Windows_NT%2010.0.0.0%20(x64)/default/default/update.xml
1511790999835	addons.productaddons	INFO	Completed downloading document
1511791000502	addons.productaddons	INFO	downloadXHR File download. status=200
1511791000504	addons.productaddons	INFO	Downloaded file will be saved to C:\Users\Pratibha\AppData\Local\Temp\tmpaddon
1511791003866	addons.productaddons	INFO	downloadXHR File download. status=200
1511791003868	addons.productaddons	INFO	Downloaded file will be saved to C:\Users\Pratibha\AppData\Local\Temp\tmpaddon

	at org.openqa.selenium.firefox.internal.NewProfileExtensionConnection.start(NewProfileExtensionConnection.java:112)
	... 33 more
]]>
    </failure>
  </testcase> <!-- @BeforeMethod preCondition -->
  <testcase name="@AfterMethod postCondition" time="0.0" classname="scripts.TestScipts">
    <skipped/>
  </testcase> <!-- @AfterMethod postCondition -->
  <testcase name="testCreateEmployee" time="0.005" classname="scripts.TestScipts">
    <skipped/>
  </testcase> <!-- testCreateEmployee -->
</testsuite> <!-- Default test -->
